2018-12-24 15:30:26 [scrapy.utils.log] INFO: Scrapy 1.5.1 started (bot: yum_spider)
2018-12-24 15:30:26 [scrapy.utils.log] INFO: Versions: lxml 4.2.5.0, libxml2 2.9.8, cssselect 1.0.3, parsel 1.5.1, w3lib 1.19.0, Twisted 18.9.0, Python 3.6.7 |Anaconda, Inc.| (default, Dec 10 2018, 20:35:02) [MSC v.1915 64 bit (AMD64)], pyOpenSSL 18.0.0 (OpenSSL 1.1.1a  20 Nov 2018), cryptography 2.4.1, Platform Windows-10-10.0.17763-SP0
2018-12-24 15:30:26 [scrapy.crawler] INFO: Overridden settings: {'BOT_NAME': 'yum_spider', 'LOG_FILE': './log.log', 'NEWSPIDER_MODULE': 'yum_spider.spiders', 'ROBOTSTXT_OBEY': True, 'SPIDER_MODULES': ['yum_spider.spiders']}
2018-12-24 15:30:26 [scrapy.middleware] INFO: Enabled extensions:
['scrapy.extensions.corestats.CoreStats',
 'scrapy.extensions.telnet.TelnetConsole',
 'scrapy.extensions.logstats.LogStats']
2018-12-24 15:30:26 [scrapy.middleware] INFO: Enabled downloader middlewares:
['scrapy.downloadermiddlewares.robotstxt.RobotsTxtMiddleware',
 'scrapy.downloadermiddlewares.httpauth.HttpAuthMiddleware',
 'yum_spider.middlewares.RandomUserAgentMiddleware',
 'yum_spider.middlewares.CheckUserAgent',
 'scrapy.downloadermiddlewares.downloadtimeout.DownloadTimeoutMiddleware',
 'scrapy.downloadermiddlewares.defaultheaders.DefaultHeadersMiddleware',
 'scrapy.downloadermiddlewares.useragent.UserAgentMiddleware',
 'scrapy.downloadermiddlewares.retry.RetryMiddleware',
 'scrapy.downloadermiddlewares.redirect.MetaRefreshMiddleware',
 'scrapy.downloadermiddlewares.httpcompression.HttpCompressionMiddleware',
 'scrapy.downloadermiddlewares.redirect.RedirectMiddleware',
 'scrapy.downloadermiddlewares.cookies.CookiesMiddleware',
 'scrapy.downloadermiddlewares.httpproxy.HttpProxyMiddleware',
 'scrapy.downloadermiddlewares.stats.DownloaderStats']
2018-12-24 15:30:26 [scrapy.middleware] INFO: Enabled spider middlewares:
['scrapy.spidermiddlewares.httperror.HttpErrorMiddleware',
 'scrapy.spidermiddlewares.offsite.OffsiteMiddleware',
 'scrapy.spidermiddlewares.referer.RefererMiddleware',
 'scrapy.spidermiddlewares.urllength.UrlLengthMiddleware',
 'scrapy.spidermiddlewares.depth.DepthMiddleware']
2018-12-24 15:30:26 [scrapy.middleware] INFO: Enabled item pipelines:
['yum_spider.pipelines.YumSpiderPipeline']
2018-12-24 15:30:26 [scrapy.core.engine] INFO: Spider opened
2018-12-24 15:30:26 [scrapy.extensions.logstats] INFO: Crawled 0 pages (at 0 pages/min), scraped 0 items (at 0 items/min)
2018-12-24 15:30:26 [scrapy.extensions.telnet] DEBUG: Telnet console listening on 127.0.0.1:6023
2018-12-24 15:30:27 [scrapy.downloadermiddlewares.robotstxt] ERROR: Error downloading <GET https://packages.cloud.google.com/robots.txt>: Middleware CheckUserAgent.process_response must return Response or Request, got <class 'NoneType'>
Traceback (most recent call last):
  File "C:\ProgramData\Miniconda3\envs\venv\lib\site-packages\twisted\internet\defer.py", line 1418, in _inlineCallbacks
    result = g.send(result)
  File "C:\ProgramData\Miniconda3\envs\venv\lib\site-packages\scrapy\core\downloader\middleware.py", line 43, in process_request
    defer.returnValue((yield download_func(request=request,spider=spider)))
  File "C:\ProgramData\Miniconda3\envs\venv\lib\site-packages\twisted\internet\defer.py", line 1362, in returnValue
    raise _DefGen_Return(val)
twisted.internet.defer._DefGen_Return: <404 https://packages.cloud.google.com/robots.txt>

During handling of the above exception, another exception occurred:

Traceback (most recent call last):
  File "C:\ProgramData\Miniconda3\envs\venv\lib\site-packages\twisted\internet\defer.py", line 1418, in _inlineCallbacks
    result = g.send(result)
  File "C:\ProgramData\Miniconda3\envs\venv\lib\site-packages\scrapy\core\downloader\middleware.py", line 56, in process_response
    (six.get_method_self(method).__class__.__name__, type(response))
AssertionError: Middleware CheckUserAgent.process_response must return Response or Request, got <class 'NoneType'>
2018-12-24 15:30:28 [scrapy.core.scraper] ERROR: Error downloading <GET https://packages.cloud.google.com/yum/repos/>
Traceback (most recent call last):
  File "C:\ProgramData\Miniconda3\envs\venv\lib\site-packages\twisted\internet\defer.py", line 1418, in _inlineCallbacks
    result = g.send(result)
  File "C:\ProgramData\Miniconda3\envs\venv\lib\site-packages\scrapy\core\downloader\middleware.py", line 43, in process_request
    defer.returnValue((yield download_func(request=request,spider=spider)))
  File "C:\ProgramData\Miniconda3\envs\venv\lib\site-packages\twisted\internet\defer.py", line 1362, in returnValue
    raise _DefGen_Return(val)
twisted.internet.defer._DefGen_Return: <200 https://packages.cloud.google.com/yum/repos/>

During handling of the above exception, another exception occurred:

Traceback (most recent call last):
  File "C:\ProgramData\Miniconda3\envs\venv\lib\site-packages\twisted\internet\defer.py", line 1418, in _inlineCallbacks
    result = g.send(result)
  File "C:\ProgramData\Miniconda3\envs\venv\lib\site-packages\scrapy\core\downloader\middleware.py", line 56, in process_response
    (six.get_method_self(method).__class__.__name__, type(response))
AssertionError: Middleware CheckUserAgent.process_response must return Response or Request, got <class 'NoneType'>
2018-12-24 15:30:28 [scrapy.core.engine] INFO: Closing spider (finished)
2018-12-24 15:30:28 [scrapy.statscollectors] INFO: Dumping Scrapy stats:
{'downloader/request_bytes': 602,
 'downloader/request_count': 2,
 'downloader/request_method_count/GET': 2,
 'downloader/response_bytes': 10157,
 'downloader/response_count': 2,
 'downloader/response_status_count/200': 1,
 'downloader/response_status_count/404': 1,
 'finish_reason': 'finished',
 'finish_time': datetime.datetime(2018, 12, 24, 7, 30, 28, 501592),
 'log_count/DEBUG': 1,
 'log_count/ERROR': 2,
 'log_count/INFO': 7,
 'scheduler/dequeued': 1,
 'scheduler/dequeued/memory': 1,
 'scheduler/enqueued': 1,
 'scheduler/enqueued/memory': 1,
 'start_time': datetime.datetime(2018, 12, 24, 7, 30, 26, 817064)}
2018-12-24 15:30:28 [scrapy.core.engine] INFO: Spider closed (finished)
2018-12-24 15:31:04 [scrapy.utils.log] INFO: Scrapy 1.5.1 started (bot: yum_spider)
2018-12-24 15:31:04 [scrapy.utils.log] INFO: Versions: lxml 4.2.5.0, libxml2 2.9.8, cssselect 1.0.3, parsel 1.5.1, w3lib 1.19.0, Twisted 18.9.0, Python 3.6.7 |Anaconda, Inc.| (default, Dec 10 2018, 20:35:02) [MSC v.1915 64 bit (AMD64)], pyOpenSSL 18.0.0 (OpenSSL 1.1.1a  20 Nov 2018), cryptography 2.4.1, Platform Windows-10-10.0.17763-SP0
2018-12-24 15:31:04 [scrapy.crawler] INFO: Overridden settings: {'BOT_NAME': 'yum_spider', 'LOG_FILE': './log.log', 'NEWSPIDER_MODULE': 'yum_spider.spiders', 'ROBOTSTXT_OBEY': True, 'SPIDER_MODULES': ['yum_spider.spiders']}
2018-12-24 15:31:04 [scrapy.middleware] INFO: Enabled extensions:
['scrapy.extensions.corestats.CoreStats',
 'scrapy.extensions.telnet.TelnetConsole',
 'scrapy.extensions.logstats.LogStats']
2018-12-24 15:31:05 [scrapy.middleware] INFO: Enabled downloader middlewares:
['scrapy.downloadermiddlewares.robotstxt.RobotsTxtMiddleware',
 'scrapy.downloadermiddlewares.httpauth.HttpAuthMiddleware',
 'yum_spider.middlewares.RandomUserAgentMiddleware',
 'yum_spider.middlewares.CheckUserAgent',
 'scrapy.downloadermiddlewares.downloadtimeout.DownloadTimeoutMiddleware',
 'scrapy.downloadermiddlewares.defaultheaders.DefaultHeadersMiddleware',
 'scrapy.downloadermiddlewares.useragent.UserAgentMiddleware',
 'scrapy.downloadermiddlewares.retry.RetryMiddleware',
 'scrapy.downloadermiddlewares.redirect.MetaRefreshMiddleware',
 'scrapy.downloadermiddlewares.httpcompression.HttpCompressionMiddleware',
 'scrapy.downloadermiddlewares.redirect.RedirectMiddleware',
 'scrapy.downloadermiddlewares.cookies.CookiesMiddleware',
 'scrapy.downloadermiddlewares.httpproxy.HttpProxyMiddleware',
 'scrapy.downloadermiddlewares.stats.DownloaderStats']
2018-12-24 15:31:05 [scrapy.middleware] INFO: Enabled spider middlewares:
['scrapy.spidermiddlewares.httperror.HttpErrorMiddleware',
 'scrapy.spidermiddlewares.offsite.OffsiteMiddleware',
 'scrapy.spidermiddlewares.referer.RefererMiddleware',
 'scrapy.spidermiddlewares.urllength.UrlLengthMiddleware',
 'scrapy.spidermiddlewares.depth.DepthMiddleware']
2018-12-24 15:31:05 [scrapy.middleware] INFO: Enabled item pipelines:
['yum_spider.pipelines.YumSpiderPipeline']
2018-12-24 15:31:05 [scrapy.core.engine] INFO: Spider opened
2018-12-24 15:31:05 [scrapy.extensions.logstats] INFO: Crawled 0 pages (at 0 pages/min), scraped 0 items (at 0 items/min)
2018-12-24 15:31:05 [scrapy.extensions.telnet] DEBUG: Telnet console listening on 127.0.0.1:6023
2018-12-24 15:31:06 [scrapy.downloadermiddlewares.robotstxt] ERROR: Error downloading <GET https://packages.cloud.google.com/robots.txt>: Middleware CheckUserAgent.process_response must return Response or Request, got <class 'NoneType'>
Traceback (most recent call last):
  File "C:\ProgramData\Miniconda3\envs\venv\lib\site-packages\twisted\internet\defer.py", line 1418, in _inlineCallbacks
    result = g.send(result)
  File "C:\ProgramData\Miniconda3\envs\venv\lib\site-packages\scrapy\core\downloader\middleware.py", line 43, in process_request
    defer.returnValue((yield download_func(request=request,spider=spider)))
  File "C:\ProgramData\Miniconda3\envs\venv\lib\site-packages\twisted\internet\defer.py", line 1362, in returnValue
    raise _DefGen_Return(val)
twisted.internet.defer._DefGen_Return: <404 https://packages.cloud.google.com/robots.txt>

During handling of the above exception, another exception occurred:

Traceback (most recent call last):
  File "C:\ProgramData\Miniconda3\envs\venv\lib\site-packages\twisted\internet\defer.py", line 1418, in _inlineCallbacks
    result = g.send(result)
  File "C:\ProgramData\Miniconda3\envs\venv\lib\site-packages\scrapy\core\downloader\middleware.py", line 56, in process_response
    (six.get_method_self(method).__class__.__name__, type(response))
AssertionError: Middleware CheckUserAgent.process_response must return Response or Request, got <class 'NoneType'>
2018-12-24 15:31:07 [scrapy.core.scraper] ERROR: Error downloading <GET https://packages.cloud.google.com/yum/repos/>
Traceback (most recent call last):
  File "C:\ProgramData\Miniconda3\envs\venv\lib\site-packages\twisted\internet\defer.py", line 1418, in _inlineCallbacks
    result = g.send(result)
  File "C:\ProgramData\Miniconda3\envs\venv\lib\site-packages\scrapy\core\downloader\middleware.py", line 43, in process_request
    defer.returnValue((yield download_func(request=request,spider=spider)))
  File "C:\ProgramData\Miniconda3\envs\venv\lib\site-packages\twisted\internet\defer.py", line 1362, in returnValue
    raise _DefGen_Return(val)
twisted.internet.defer._DefGen_Return: <200 https://packages.cloud.google.com/yum/repos/>

During handling of the above exception, another exception occurred:

Traceback (most recent call last):
  File "C:\ProgramData\Miniconda3\envs\venv\lib\site-packages\twisted\internet\defer.py", line 1418, in _inlineCallbacks
    result = g.send(result)
  File "C:\ProgramData\Miniconda3\envs\venv\lib\site-packages\scrapy\core\downloader\middleware.py", line 56, in process_response
    (six.get_method_self(method).__class__.__name__, type(response))
AssertionError: Middleware CheckUserAgent.process_response must return Response or Request, got <class 'NoneType'>
2018-12-24 15:31:07 [scrapy.core.engine] INFO: Closing spider (finished)
2018-12-24 15:31:07 [scrapy.statscollectors] INFO: Dumping Scrapy stats:
{'downloader/request_bytes': 603,
 'downloader/request_count': 2,
 'downloader/request_method_count/GET': 2,
 'downloader/response_bytes': 10157,
 'downloader/response_count': 2,
 'downloader/response_status_count/200': 1,
 'downloader/response_status_count/404': 1,
 'finish_reason': 'finished',
 'finish_time': datetime.datetime(2018, 12, 24, 7, 31, 7, 301014),
 'log_count/DEBUG': 1,
 'log_count/ERROR': 2,
 'log_count/INFO': 7,
 'scheduler/dequeued': 1,
 'scheduler/dequeued/memory': 1,
 'scheduler/enqueued': 1,
 'scheduler/enqueued/memory': 1,
 'start_time': datetime.datetime(2018, 12, 24, 7, 31, 5, 328900)}
2018-12-24 15:31:07 [scrapy.core.engine] INFO: Spider closed (finished)
